<?xml version="1.0" encoding="UTF-8"?>
<!-- Generated by org.testng.reporters.JUnitReportReporter -->
<testsuite ignored="0" hostname="macs-Air.lan" failures="0" tests="1" name="com.qmetry.qaf.automation.step.client.Scenario" time="14.887" errors="0" timestamp="08 Oct 2023 19:58:16 GMT" skipped="0">
  <testcase classname="com.qmetry.qaf.automation.step.client.Scenario" name="Validate One Way Booking" time="14.887"/>
</testsuite> <!-- com.qmetry.qaf.automation.step.client.Scenario -->
