<?xml version="1.0" encoding="UTF-8"?>
<!-- Generated by org.testng.reporters.JUnitReportReporter -->
<testsuite ignored="0" hostname="DESKTOP-I6NS3SM" failures="0" tests="1" name="com.qmetry.qaf.automation.step.client.Scenario" time="14.423" errors="0" timestamp="06 Feb 2022 02:37:25 GMT" skipped="0">
  <testcase classname="com.qmetry.qaf.automation.step.client.Scenario" name="Validate One Way Booking" time="14.423"/>
</testsuite> <!-- com.qmetry.qaf.automation.step.client.Scenario -->
